--------------------------------- Version Log ----------------------------------
Version                                 Path
System Generator 2020.1                 D:/Program_Files/Xilinx/Vivado/Vivado/2020.1
Matlab 9.8.0.1323502 (R2020a)           C:\Program Files\Polyspace\R2020a
Vivado 2020.1                           D:/Program_Files/Xilinx/Vivado/Vivado/2020.1
--------------------------------------------------------------------------------
Summary of Errors:
Error 0001: Undriven input port
     Block: 'vhdl_example/Gateway Out'
Error 0002: Undriven input port
     Block: 'vhdl_example/Black Box'
--------------------------------------------------------------------------------

Error 0001:

Reported by:
  'vhdl_example/Gateway Out'

Details:
The input ports on this block must be driven by other Xilinx blocks
--------------------------------------------------------------------------------

Error 0001:

Reported by:
  'vhdl_example/Black Box'

Details:
The input ports on this block must be driven by other Xilinx blocks
--------------------------------------------------------------------------------
